r 0=00000000 r 1=00000000 r 2=00000000 r 3=00000000 
r 4=00000000 r 5=00000000 r 6=00000000 r 7=00000000 
r 8=00000000 r 9=00000000 r10=00000000 r11=00000000 
r12=00000000 r13=00000000 r14=00000000 r15=00000000 
r16=00000000 r17=00000000 r18=00000000 r19=00000000 
r20=00000000 r21=00000000 r22=00000000 r23=00000000 
r24=00000000 r25=00000000 r26=00000000 r27=00000000 
r28=00000000 r29=00008000 r30=00000000 r31=00000000 
r 0=00000000 r 1=00000000 r 2=00000000 r 3=00000000 
r 4=00000000 r 5=00000000 r 6=00000000 r 7=00000000 
r 8=00000000 r 9=00000000 r10=00000000 r11=00000000 
r12=00000000 r13=00000000 r14=00000000 r15=00000000 
r16=00000000 r17=00000000 r18=00000000 r19=00000000 
r20=00000000 r21=00000000 r22=00000000 r23=00000000 
r24=00000000 r25=00000000 r26=00000000 r27=00000000 
r28=00000000 r29=00009000 r30=00000000 r31=00000000 
r 0=00000000 r 1=00000000 r 2=00000000 r 3=00000000 
r 4=00000000 r 5=00000000 r 6=00000000 r 7=00000000 
r 8=dead0000 r 9=00000000 r10=00000000 r11=00000000 
r12=00000000 r13=00000000 r14=00000000 r15=00000000 
r16=00000000 r17=00000000 r18=00000000 r19=00000000 
r20=00000000 r21=00000000 r22=00000000 r23=00000000 
r24=00000000 r25=00000000 r26=00000000 r27=00000000 
r28=00000000 r29=00009000 r30=00000000 r31=00000000 
r 0=00000000 r 1=00000000 r 2=00000000 r 3=00000000 
r 4=00000000 r 5=00000000 r 6=00000000 r 7=00000000 
r 8=dead0000 r 9=beef0000 r10=00000000 r11=00000000 
r12=00000000 r13=00000000 r14=00000000 r15=00000000 
r16=00000000 r17=00000000 r18=00000000 r19=00000000 
r20=00000000 r21=00000000 r22=00000000 r23=00000000 
r24=00000000 r25=00000000 r26=00000000 r27=00000000 
r28=00000000 r29=00009000 r30=00000000 r31=00000000 
r 0=00000000 r 1=00000000 r 2=00000000 r 3=00000000 
r 4=00000000 r 5=00000000 r 6=00000000 r 7=00000000 
r 8=dead0000 r 9=0000beef r10=00000000 r11=00000000 
r12=00000000 r13=00000000 r14=00000000 r15=00000000 
r16=00000000 r17=00000000 r18=00000000 r19=00000000 
r20=00000000 r21=00000000 r22=00000000 r23=00000000 
r24=00000000 r25=00000000 r26=00000000 r27=00000000 
r28=00000000 r29=00009000 r30=00000000 r31=00000000 
r 0=00000000 r 1=00000000 r 2=00000000 r 3=00000000 
r 4=00000000 r 5=00000000 r 6=00000000 r 7=00000000 
r 8=dead0000 r 9=0000beef r10=deadbeef r11=00000000 
r12=00000000 r13=00000000 r14=00000000 r15=00000000 
r16=00000000 r17=00000000 r18=00000000 r19=00000000 
r20=00000000 r21=00000000 r22=00000000 r23=00000000 
r24=00000000 r25=00000000 r26=00000000 r27=00000000 
r28=00000000 r29=00009000 r30=00000000 r31=00000000 
r 0=00000000 r 1=00000000 r 2=00000000 r 3=00000000 
r 4=00000000 r 5=00000000 r 6=00000000 r 7=00000000 
r 8=dead0000 r 9=0000beef r10=deadbeef r11=00000000 
r12=00000000 r13=00000000 r14=00000000 r15=00000000 
r16=00000000 r17=00000000 r18=00000000 r19=00000000 
r20=00000000 r21=00000000 r22=00000000 r23=00000000 
r24=00000000 r25=00000000 r26=00000000 r27=00000000 
r28=00000000 r29=00009000 r30=00000000 r31=00000000 
r 0=00000000 r 1=00000000 r 2=00000000 r 3=00000000 
r 4=00000000 r 5=00000000 r 6=00000000 r 7=00000000 
r 8=dead0000 r 9=0000beef r10=deadbeef r11=00000000 
r12=00000000 r13=00000000 r14=00000000 r15=00000000 
r16=00000000 r17=00000000 r18=00000000 r19=00000000 
r20=00000000 r21=00000000 r22=00000000 r23=00000000 
r24=00000000 r25=00000000 r26=00000000 r27=00000000 
r28=00000000 r29=00009000 r30=00000000 r31=00000000 
r 0=00000000 r 1=00000000 r 2=00000000 r 3=00000000 
r 4=00000000 r 5=00000000 r 6=00000000 r 7=00000000 
r 8=dead0000 r 9=0000beef r10=deadbeef r11=00000000 
r12=00000000 r13=00000000 r14=00000000 r15=00000000 
r16=00000000 r17=00000000 r18=00000000 r19=00000000 
r20=00000000 r21=00000000 r22=00000000 r23=00000000 
r24=00000000 r25=00000000 r26=00000000 r27=00000000 
r28=00000000 r29=00009000 r30=00000000 r31=00000000 
r 0=00000000 r 1=00000000 r 2=00000022 r 3=00000000 
r 4=00000000 r 5=00000000 r 6=00000000 r 7=00000000 
r 8=dead0000 r 9=0000beef r10=deadbeef r11=00000000 
r12=00000000 r13=00000000 r14=00000000 r15=00000000 
r16=00000000 r17=00000000 r18=00000000 r19=00000000 
r20=00000000 r21=00000000 r22=00000000 r23=00000000 
r24=00000000 r25=00000000 r26=00000000 r27=00000000 
r28=00000000 r29=00009000 r30=00000000 r31=00000000 
r 0=00000000 r 1=00000000 r 2=00000022 r 3=00000000 
r 4=00009000 r 5=00000000 r 6=00000000 r 7=00000000 
r 8=dead0000 r 9=0000beef r10=deadbeef r11=00000000 
r12=00000000 r13=00000000 r14=00000000 r15=00000000 
r16=00000000 r17=00000000 r18=00000000 r19=00000000 
r20=00000000 r21=00000000 r22=00000000 r23=00000000 
r24=00000000 r25=00000000 r26=00000000 r27=00000000 
r28=00000000 r29=00009000 r30=00000000 r31=00000000 
0xdeadbeef
r 0=00000000 r 1=00000000 r 2=00000022 r 3=00000000 
r 4=00009000 r 5=00000000 r 6=00000000 r 7=00000000 
r 8=dead0000 r 9=0000beef r10=deadbeef r11=00000000 
r12=00000000 r13=00000000 r14=00000000 r15=00000000 
r16=00000000 r17=00000000 r18=00000000 r19=00000000 
r20=00000000 r21=00000000 r22=00000000 r23=00000000 
r24=00000000 r25=00000000 r26=00000000 r27=00000000 
r28=00000000 r29=00009000 r30=00000000 r31=00000000 
r 0=00000000 r 1=00000000 r 2=00000001 r 3=00000000 
r 4=00009000 r 5=00000000 r 6=00000000 r 7=00000000 
r 8=dead0000 r 9=0000beef r10=deadbeef r11=00000000 
r12=00000000 r13=00000000 r14=00000000 r15=00000000 
r16=00000000 r17=00000000 r18=00000000 r19=00000000 
r20=00000000 r21=00000000 r22=00000000 r23=00000000 
r24=00000000 r25=00000000 r26=00000000 r27=00000000 
r28=00000000 r29=00009000 r30=00000000 r31=00000000 
r 0=00000000 r 1=00000000 r 2=00000001 r 3=00000000 
r 4=ffffffef r 5=00000000 r 6=00000000 r 7=00000000 
r 8=dead0000 r 9=0000beef r10=deadbeef r11=00000000 
r12=00000000 r13=00000000 r14=00000000 r15=00000000 
r16=00000000 r17=00000000 r18=00000000 r19=00000000 
r20=00000000 r21=00000000 r22=00000000 r23=00000000 
r24=00000000 r25=00000000 r26=00000000 r27=00000000 
r28=00000000 r29=00009000 r30=00000000 r31=00000000 
-17r 0=00000000 r 1=00000000 r 2=00000001 r 3=00000000 
r 4=ffffffef r 5=00000000 r 6=00000000 r 7=00000000 
r 8=dead0000 r 9=0000beef r10=deadbeef r11=00000000 
r12=00000000 r13=00000000 r14=00000000 r15=00000000 
r16=00000000 r17=00000000 r18=00000000 r19=00000000 
r20=00000000 r21=00000000 r22=00000000 r23=00000000 
r24=00000000 r25=00000000 r26=00000000 r27=00000000 
r28=00000000 r29=00009000 r30=00000000 r31=00000000 
r 0=00000000 r 1=00000000 r 2=00000001 r 3=00000000 
r 4=ffffffbe r 5=00000000 r 6=00000000 r 7=00000000 
r 8=dead0000 r 9=0000beef r10=deadbeef r11=00000000 
r12=00000000 r13=00000000 r14=00000000 r15=00000000 
r16=00000000 r17=00000000 r18=00000000 r19=00000000 
r20=00000000 r21=00000000 r22=00000000 r23=00000000 
r24=00000000 r25=00000000 r26=00000000 r27=00000000 
r28=00000000 r29=00009000 r30=00000000 r31=00000000 
-66r 0=00000000 r 1=00000000 r 2=00000001 r 3=00000000 
r 4=ffffffbe r 5=00000000 r 6=00000000 r 7=00000000 
r 8=dead0000 r 9=0000beef r10=deadbeef r11=00000000 
r12=00000000 r13=00000000 r14=00000000 r15=00000000 
r16=00000000 r17=00000000 r18=00000000 r19=00000000 
r20=00000000 r21=00000000 r22=00000000 r23=00000000 
r24=00000000 r25=00000000 r26=00000000 r27=00000000 
r28=00000000 r29=00009000 r30=00000000 r31=00000000 
r 0=00000000 r 1=00000000 r 2=00000001 r 3=00000000 
r 4=ffffffad r 5=00000000 r 6=00000000 r 7=00000000 
r 8=dead0000 r 9=0000beef r10=deadbeef r11=00000000 
r12=00000000 r13=00000000 r14=00000000 r15=00000000 
r16=00000000 r17=00000000 r18=00000000 r19=00000000 
r20=00000000 r21=00000000 r22=00000000 r23=00000000 
r24=00000000 r25=00000000 r26=00000000 r27=00000000 
r28=00000000 r29=00009000 r30=00000000 r31=00000000 
-83r 0=00000000 r 1=00000000 r 2=00000001 r 3=00000000 
r 4=ffffffad r 5=00000000 r 6=00000000 r 7=00000000 
r 8=dead0000 r 9=0000beef r10=deadbeef r11=00000000 
r12=00000000 r13=00000000 r14=00000000 r15=00000000 
r16=00000000 r17=00000000 r18=00000000 r19=00000000 
r20=00000000 r21=00000000 r22=00000000 r23=00000000 
r24=00000000 r25=00000000 r26=00000000 r27=00000000 
r28=00000000 r29=00009000 r30=00000000 r31=00000000 
r 0=00000000 r 1=00000000 r 2=00000001 r 3=00000000 
r 4=ffffffde r 5=00000000 r 6=00000000 r 7=00000000 
r 8=dead0000 r 9=0000beef r10=deadbeef r11=00000000 
r12=00000000 r13=00000000 r14=00000000 r15=00000000 
r16=00000000 r17=00000000 r18=00000000 r19=00000000 
r20=00000000 r21=00000000 r22=00000000 r23=00000000 
r24=00000000 r25=00000000 r26=00000000 r27=00000000 
r28=00000000 r29=00009000 r30=00000000 r31=00000000 
-34r 0=00000000 r 1=00000000 r 2=00000001 r 3=00000000 
r 4=ffffffde r 5=00000000 r 6=00000000 r 7=00000000 
r 8=dead0000 r 9=0000beef r10=deadbeef r11=00000000 
r12=00000000 r13=00000000 r14=00000000 r15=00000000 
r16=00000000 r17=00000000 r18=00000000 r19=00000000 
r20=00000000 r21=00000000 r22=00000000 r23=00000000 
r24=00000000 r25=00000000 r26=00000000 r27=00000000 
r28=00000000 r29=00009000 r30=00000000 r31=00000000 
r 0=00000000 r 1=00000000 r 2=00000001 r 3=00000000 
r 4=ffffffde r 5=00000000 r 6=00000000 r 7=00000000 
r 8=dead0000 r 9=0000beef r10=deadbeef r11=00001000 
r12=00000000 r13=00000000 r14=00000000 r15=00000000 
r16=00000000 r17=00000000 r18=00000000 r19=00000000 
r20=00000000 r21=00000000 r22=00000000 r23=00000000 
r24=00000000 r25=00000000 r26=00000000 r27=00000000 
r28=00000000 r29=00009000 r30=00000000 r31=00000000 
r 0=00000000 r 1=00000000 r 2=00000001 r 3=00000000 
r 4=ffffffde r 5=00000000 r 6=00000000 r 7=00000000 
r 8=341d8000 r 9=0000beef r10=deadbeef r11=00001000 
r12=00000000 r13=00000000 r14=00000000 r15=00000000 
r16=00000000 r17=00000000 r18=00000000 r19=00000000 
r20=00000000 r21=00000000 r22=00000000 r23=00000000 
r24=00000000 r25=00000000 r26=00000000 r27=00000000 
r28=00000000 r29=00009000 r30=00000000 r31=00000000 
r 0=00000000 r 1=00000000 r 2=00000001 r 3=00000000 
r 4=ffffffde r 5=00000000 r 6=00000000 r 7=00000000 
r 8=341d8000 r 9=0000beef r10=deadbeef r11=00002000 
r12=00000000 r13=00000000 r14=00000000 r15=00000000 
r16=00000000 r17=00000000 r18=00000000 r19=00000000 
r20=00000000 r21=00000000 r22=00000000 r23=00000000 
r24=00000000 r25=00000000 r26=00000000 r27=00000000 
r28=00000000 r29=00009000 r30=00000000 r31=00000000 
r 0=00000000 r 1=00000000 r 2=00000001 r 3=00000000 
r 4=ffffffde r 5=00000000 r 6=00000000 r 7=00000000 
r 8=341d8000 r 9=00000000 r10=deadbeef r11=00002000 
r12=00000000 r13=00000000 r14=00000000 r15=00000000 
r16=00000000 r17=00000000 r18=00000000 r19=00000000 
r20=00000000 r21=00000000 r22=00000000 r23=00000000 
r24=00000000 r25=00000000 r26=00000000 r27=00000000 
r28=00000000 r29=00009000 r30=00000000 r31=00000000 
r 0=00000000 r 1=00000000 r 2=00000001 r 3=00000000 
r 4=ffffffde r 5=00000000 r 6=00000000 r 7=00000000 
r 8=341d8000 r 9=00000000 r10=deadbeef r11=00002000 
r12=00000000 r13=00000000 r14=00000000 r15=00000000 
r16=00000000 r17=00000000 r18=00000000 r19=00000000 
r20=00000000 r21=00000000 r22=00000000 r23=00000000 
r24=00000000 r25=00000000 r26=00000000 r27=00000000 
r28=00000000 r29=00009000 r30=00000000 r31=00000000 
r 0=00000000 r 1=00000000 r 2=00000022 r 3=00000000 
r 4=ffffffde r 5=00000000 r 6=00000000 r 7=00000000 
r 8=341d8000 r 9=00000000 r10=deadbeef r11=00002000 
r12=00000000 r13=00000000 r14=00000000 r15=00000000 
r16=00000000 r17=00000000 r18=00000000 r19=00000000 
r20=00000000 r21=00000000 r22=00000000 r23=00000000 
r24=00000000 r25=00000000 r26=00000000 r27=00000000 
r28=00000000 r29=00009000 r30=00000000 r31=00000000 
r 0=00000000 r 1=00000000 r 2=00000022 r 3=00000000 
r 4=00009000 r 5=00000000 r 6=00000000 r 7=00000000 
r 8=341d8000 r 9=00000000 r10=deadbeef r11=00002000 
r12=00000000 r13=00000000 r14=00000000 r15=00000000 
r16=00000000 r17=00000000 r18=00000000 r19=00000000 
r20=00000000 r21=00000000 r22=00000000 r23=00000000 
r24=00000000 r25=00000000 r26=00000000 r27=00000000 
r28=00000000 r29=00009000 r30=00000000 r31=00000000 
0x341d8000
r 0=00000000 r 1=00000000 r 2=00000022 r 3=00000000 
r 4=00009000 r 5=00000000 r 6=00000000 r 7=00000000 
r 8=341d8000 r 9=00000000 r10=deadbeef r11=00002000 
r12=00000000 r13=00000000 r14=00000000 r15=00000000 
r16=00000000 r17=00000000 r18=00000000 r19=00000000 
r20=00000000 r21=00000000 r22=00000000 r23=00000000 
r24=00000000 r25=00000000 r26=00000000 r27=00000000 
r28=00000000 r29=00009000 r30=00000000 r31=00000000 
